<?xml version="1.0" encoding="UTF-8"?>
<!-- Generated by org.testng.reporters.JUnitXMLReporter -->
<testsuite ignored="0" hostname="DESKTOP-8IN1H1E" failures="0" tests="2" name="Bankingapp test(failed)" time="61.201" errors="0" timestamp="2021-11-25T12:07:43 IST">
  <testcase classname="com.intbanking.testcase.Tc_LoginTest_001" name="loginTest" time="3.897"/>
  <testcase classname="com.intbanking.testcase.TC_AddCustomerTest_003" name="addNewCustomer" time="14.768"/>
</testsuite> <!-- Bankingapp test(failed) -->
