<?xml version="1.0" encoding="UTF-8"?>
<testng-results ignored="0" total="1" passed="1" failed="0" skipped="0">
  <reporter-output>
  </reporter-output>
  <suite started-at="2021-11-27T03:21:58 IST" name="IntrbankingV1" finished-at="2021-11-27T03:22:40 IST" duration-ms="42586">
    <groups>
    </groups>
    <test started-at="2021-11-27T03:21:58 IST" name="Bankingapp test" finished-at="2021-11-27T03:22:40 IST" duration-ms="42586">
      <class name="com.intbanking.testcase.TC_AddCustomerTest_003">
        <test-method is-config="true" signature="setup(java.lang.String)[pri:0, instance:com.intbanking.testcase.TC_AddCustomerTest_003@d29f28]" started-at="2021-11-27T03:21:58 IST" name="setup" finished-at="2021-11-27T03:22:24 IST" duration-ms="25276" status="PASS">
          <params>
            <param index="0">
              <value>
                <![CDATA[chrome]]>
              </value>
            </param>
          </params>
          <reporter-output>
          </reporter-output>
        </test-method> <!-- setup -->
        <test-method signature="addNewCustomer()[pri:0, instance:com.intbanking.testcase.TC_AddCustomerTest_003@d29f28]" started-at="2021-11-27T03:22:24 IST" name="addNewCustomer" finished-at="2021-11-27T03:22:39 IST" duration-ms="15748" status="PASS">
          <reporter-output>
          </reporter-output>
        </test-method> <!-- addNewCustomer -->
        <test-method is-config="true" signature="tearDown()[pri:0, instance:com.intbanking.testcase.TC_AddCustomerTest_003@d29f28]" started-at="2021-11-27T03:22:39 IST" name="tearDown" finished-at="2021-11-27T03:22:40 IST" duration-ms="791" status="PASS">
          <reporter-output>
          </reporter-output>
        </test-method> <!-- tearDown -->
      </class> <!-- com.intbanking.testcase.TC_AddCustomerTest_003 -->
    </test> <!-- Bankingapp test -->
  </suite> <!-- IntrbankingV1 -->
</testng-results>
